Folder /home/jerome/test/canary/ created successfully.
Folder /home/jerome/test/canary/ is empty. Canary files will be created.
Folder /home/jerome/test/canary2/toto created successfully.
Folder /home/jerome/test/canary2/toto is empty. Canary files will be created.
[2025-10-07 16:43:59] Folder /home/jerome/test/canary/ is empty. Canary files will be created.
[2025-10-07 16:43:59] Folder /home/jerome/test/canary2/toto is empty. Canary files will be created.
[2025-10-07 16:44:13] Folder /home/jerome/test/canary/ is empty. Canary files will be created.
[2025-10-07 16:44:13] Folder /home/jerome/test/canary2/toto is empty. Canary files will be created.
[2025-10-08 12:05:37] Folder /home/jerome/test/canary2/toto is empty. Canary files will be created.
[2025-10-08 14:48:37] Started monitoring folder /home/jerome/test/canary/.
[2025-10-08 14:48:37] Folder /home/jerome/test/canary2/toto is empty. Canary files will be created.
[2025-10-08 15:08:04] Started monitoring folder /home/jerome/test/canary/.
[2025-10-08 15:08:04] Folder /home/jerome/test/canary2/toto is empty. Canary files will be created.
[2025-10-08 15:09:54] Started monitoring folder /home/jerome/test/canary/.
[2025-10-08 15:09:54] Folder /home/jerome/test/canary2/toto is empty. Canary files will be created.
[2025-10-08 15:52:43] Started monitoring folder /home/jerome/test/canary/.
[2025-10-08 15:52:43] Folder /home/jerome/test/canary2/toto is empty. Canary files will be created.
[2025-10-09 15:18:04] Folder /home/jerome/test/canary/ created successfully.
[2025-10-09 15:18:04] Folder /home/jerome/test/canary/ is empty. Canary files will be created.
[2025-10-09 15:18:04] Folder /home/jerome/test/canary2/toto created successfully.
[2025-10-09 15:18:04] Folder /home/jerome/test/canary2/toto is empty. Canary files will be created.
[2025-10-09 15:21:17] Started monitoring folder /home/jerome/test/canary/.
[2025-10-09 15:21:17] Folder /home/jerome/test/canary2/toto is empty. Canary files will be created.
[2025-10-09 15:22:33] Started monitoring folder /home/jerome/test/canary/.
[2025-10-09 15:22:33] Folder /home/jerome/test/canary2/toto is empty. Canary files will be created.
[2025-10-09 15:23:28] Started monitoring folder /home/jerome/test/canary/.
[2025-10-09 15:23:28] Started monitoring folder /home/jerome/test/canary2/toto.
[2025-10-10 10:31:24] Started monitoring folder /home/jerome/test/canary/.
[2025-10-10 10:31:24] Folder /home/jerome/test/canary/toto created successfully.
[2025-10-10 10:31:24] Folder /home/jerome/test/canary/toto is empty. Canary files will be created.
[2025-10-10 10:31:24] Folder /home/jerome/test/canary/titi created successfully.
[2025-10-10 10:31:24] Folder /home/jerome/test/canary/titi is empty. Canary files will be created.
[2025-10-10 10:31:24] Started monitoring folder /home/jerome/test/canary2/toto.
[2025-10-10 10:31:24] Failed to send notification for file: /home/jerome/test/canary/toto. Status: 404 Not Found
[2025-10-10 10:31:24] Failed to send notification for file: /home/jerome/test/canary/toto. Status: 404 Not Found
[2025-10-10 10:31:24] Failed to send notification for file: /home/jerome/test/canary/titi. Status: 404 Not Found
[2025-10-10 10:31:24] Failed to send notification for file: /home/jerome/test/canary/titi. Status: 404 Not Found
[2025-10-10 10:31:55] Failed to send notification for file: /home/jerome/test/canary/toto. Status: 404 Not Found
[2025-10-10 10:31:55] Failed to send notification for file: /home/jerome/test/canary/toto. Status: 404 Not Found
[2025-10-10 10:32:00] Failed to send notification for file: /home/jerome/test/canary/titi. Status: 404 Not Found
[2025-10-10 10:32:00] Failed to send notification for file: /home/jerome/test/canary/titi. Status: 404 Not Found
[2025-10-10 10:32:20] Failed to send notification for file: /home/jerome/test/canary2/toto. Status: 404 Not Found
[2025-10-10 10:33:31] Folder /home/jerome/test/canary/toto created successfully.
[2025-10-10 10:33:31] Folder /home/jerome/test/canary/toto is empty. Canary files will be created.
[2025-10-10 10:33:31] Folder /home/jerome/test/canary/titi created successfully.
[2025-10-10 10:33:31] Folder /home/jerome/test/canary/titi is empty. Canary files will be created.
[2025-10-10 10:33:31] Started monitoring folder /home/jerome/test/canary2/toto.
[2025-10-10 10:33:40] Failed to send notification for file: /home/jerome/test/canary2/toto. Status: 404 Not Found
[2025-10-10 10:34:45] Started monitoring folder /home/jerome/test/canary/toto.
[2025-10-10 10:34:45] Folder /home/jerome/test/canary/titi is empty. Canary files will be created.
[2025-10-10 10:34:45] Started monitoring folder /home/jerome/test/canary2/toto.
[2025-10-10 10:34:49] Failed to send notification for file: /home/jerome/test/canary/toto/tutu.txt. Status: 404 Not Found
[2025-10-10 10:34:49] Failed to send notification for file: /home/jerome/test/canary/toto/tutu.txt. Status: 404 Not Found
[2025-10-10 10:34:49] Failed to send notification for file: /home/jerome/test/canary/toto/tutu.txt. Status: 404 Not Found
[2025-10-10 10:51:23] Started monitoring folder /home/jerome/test/canary/toto.
[2025-10-10 10:51:23] Created 5 canary files in /home/jerome/test/canary/titi.
[2025-10-10 10:51:23] Started monitoring folder /home/jerome/test/canary2/toto.
[2025-10-10 10:51:31] Failed to send notification for file: /home/jerome/test/canary/toto. Status: 404 Not Found
[2025-10-10 10:52:58] Failed to send notification for file: /home/jerome/test/canary/toto. Status: 404 Not Found
[2025-10-10 10:53:13] Failed to send notification for file: /home/jerome/test/canary/toto/tutu.txt. Status: 404 Not Found
[2025-10-10 10:53:24] Created 5 canary files in /home/jerome/test/canary/toto.
[2025-10-10 10:53:24] Started monitoring folder /home/jerome/test/canary/titi.
[2025-10-10 10:53:24] Started monitoring folder /home/jerome/test/canary2/toto.
[2025-10-10 10:55:09] Failed to send notification for file: /home/jerome/test/canary2/toto. Status: 404 Not Found
[2025-10-10 10:55:33] Started monitoring folder /home/jerome/test/canary/toto.
[2025-10-10 10:55:33] Started monitoring folder /home/jerome/test/canary/titi.
[2025-10-10 10:55:33] Started monitoring folder /home/jerome/test/canary2/toto.
[2025-10-10 10:55:40] Failed to send notification for file: /home/jerome/test/canary/toto/passwords.jpg. Status: 404 Not Found
[2025-10-10 10:55:40] Failed to send notification for file: /home/jerome/test/canary/toto/passwords.jpg. Status: 404 Not Found
[2025-10-10 10:55:40] Failed to send notification for file: /home/jerome/test/canary/toto/passwords.jpg. Status: 404 Not Found
[2025-10-10 11:03:06] Started monitoring folder /home/jerome/test/canary/toto.
[2025-10-10 11:03:06] Started monitoring folder /home/jerome/test/canary/titi.
[2025-10-10 11:03:06] Started monitoring folder /home/jerome/test/canary2/toto.
[2025-10-10 11:03:14] Failed to send notification for file: /home/jerome/test/canary/toto/passwords.jpg. Status: 404 Not Found
[2025-10-10 11:03:14] Failed to send notification for file: /home/jerome/test/canary/toto/passwords.jpg. Status: 404 Not Found
[2025-10-10 11:03:14] Failed to send notification for file: /home/jerome/test/canary/toto/passwords.jpg. Status: 404 Not Found
[2025-10-10 11:03:25] Failed to send notification for file: /home/jerome/test/canary/titi. Status: 404 Not Found
[2025-10-10 11:03:55] Failed to send notification for file: /home/jerome/test/canary/titi. Status: 404 Not Found
[2025-10-10 11:04:08] Failed to send notification for file: /home/jerome/test/canary/titi. Status: 404 Not Found
[2025-10-10 11:04:22] Failed to send notification for file: /home/jerome/test/canary/titi/secret.docx. Status: 404 Not Found
[2025-10-10 11:04:22] Failed to send notification for file: /home/jerome/test/canary/titi/confidentiel.txt. Status: 404 Not Found
[2025-10-10 11:04:22] Failed to send notification for file: /home/jerome/test/canary/titi. Status: 404 Not Found
[2025-10-10 11:04:22] Failed to send notification for file: /home/jerome/test/canary/titi/budget.txt. Status: 404 Not Found
[2025-10-10 11:04:22] Failed to send notification for file: /home/jerome/test/canary/titi/groupes.pdf. Status: 404 Not Found
[2025-10-10 11:04:22] Failed to send notification for file: /home/jerome/test/canary/titi/profils.png. Status: 404 Not Found
[2025-10-10 11:04:33] Started monitoring folder /home/jerome/test/canary/toto.
[2025-10-10 11:04:33] Created 2 canary files in /home/jerome/test/canary/titi.
[2025-10-10 11:04:33] Started monitoring folder /home/jerome/test/canary/titi.
[2025-10-10 11:04:33] Started monitoring folder /home/jerome/test/canary2/toto.
[2025-10-10 11:04:40] Failed to send notification for file: /home/jerome/test/canary/titi. Status: 404 Not Found
[2025-10-10 11:04:53] Failed to send notification for file: /home/jerome/test/canary/titi. Status: 404 Not Found
[2025-10-10 11:04:56] Failed to send notification for file: /home/jerome/test/canary/titi. Status: 404 Not Found
[2025-10-10 11:04:57] Failed to send notification for file: /home/jerome/test/canary/titi/profils.png. Status: 404 Not Found
[2025-10-10 11:04:57] Failed to send notification for file: /home/jerome/test/canary/titi/profils.png. Status: 404 Not Found
[2025-10-10 11:04:57] Failed to send notification for file: /home/jerome/test/canary/titi/profils.png. Status: 404 Not Found
[2025-10-10 14:43:38] Started monitoring folder /home/jerome/test/canary/toto.
[2025-10-10 14:43:38] Started monitoring folder /home/jerome/test/canary/titi.
[2025-10-10 14:43:38] Started monitoring folder /home/jerome/test/canary2/toto.
[2025-10-10 14:44:21] Successfully sent notification for file: /home/jerome/test/canary/toto/documentation.txt
[2025-10-10 14:47:11] Successfully sent notification for file: /home/jerome/test/canary/toto/documentation.txt
[2025-10-10 14:48:01] Successfully sent notification for file: /home/jerome/test/canary/toto/documentation.txt
[2025-10-10 14:49:15] Successfully sent notification for file: /home/jerome/test/canary/toto/documentation.txt
[2025-10-10 14:51:38] Successfully sent notification for file: /home/jerome/test/canary/toto/documentation.txt
[2025-10-10 15:08:06] Successfully sent notification for file: /home/jerome/test/canary/toto/documentation.txt
[2025-10-10 15:10:15] Successfully sent notification for file: /home/jerome/test/canary/toto/documentation.txt
[2025-10-10 15:14:55] Successfully sent notification for file: /home/jerome/test/canary/toto/documentation.txt
[2025-10-10 15:15:48] Successfully sent notification for file: /home/jerome/test/canary/toto/documentation.txt
[2025-10-10 15:16:54] Successfully sent notification for file: /home/jerome/test/canary/toto/documentation.txt
[2025-10-10 15:18:59] Successfully sent notification for file: /home/jerome/test/canary/toto/documentation.txt
[2025-10-10 15:19:20] Successfully sent notification for file: /home/jerome/test/canary/toto/documentation.txt
[2025-10-10 15:20:31] Successfully sent notification for file: /home/jerome/test/canary/toto/documentation.txt
[2025-10-10 15:21:14] Successfully sent notification for file: /home/jerome/test/canary/toto/documentation.txt
[2025-10-10 15:21:45] Successfully sent notification for file: /home/jerome/test/canary/toto/documentation.txt
[2025-10-10 15:23:22] Successfully sent notification for file: /home/jerome/test/canary/toto/documentation.txt
[2025-10-10 15:23:49] Successfully sent notification for file: /home/jerome/test/canary/toto/documentation.txt
[2025-10-10 15:24:32] Successfully sent notification for file: /home/jerome/test/canary/toto/documentation.txt
[2025-10-10 15:24:56] Successfully sent notification for file: /home/jerome/test/canary/toto/documentation.txt
[2025-10-10 15:25:31] Successfully sent notification for file: /home/jerome/test/canary/toto/documentation.txt
[2025-10-10 15:26:28] Successfully sent notification for file: /home/jerome/test/canary/toto/documentation.txt
[2025-10-10 15:27:48] Successfully sent notification for file: /home/jerome/test/canary/toto/documentation.txt
[2025-10-10 15:28:47] Successfully sent notification for file: /home/jerome/test/canary/toto/documentation.txt
[2025-10-10 15:29:49] Successfully sent notification for file: /home/jerome/test/canary/toto/documentation.txt
